<?xml version="1.0" encoding="UTF-8"?>
<!-- Generated by org.testng.reporters.JUnitReportReporter -->
<testsuite hostname="user-PC" name="JiraApi.CreateSession_API" tests="1" failures="0" timestamp="29 Feb 2020 06:44:10 GMT" time="0.027" errors="0">
  <testcase name="createSessionTest" time="0.027" classname="JiraApi.CreateSession_API"/>
</testsuite> <!-- JiraApi.CreateSession_API -->
