<?xml version="1.0" encoding="UTF-8"?>
<!-- Generated by org.testng.reporters.JUnitReportReporter -->
<testsuite hostname="user-PC" name="Practice.post_deleteRequest" tests="1" failures="0" timestamp="23 Feb 2020 07:24:58 GMT" time="15.161" errors="0">
  <testcase name="post_deleteRequestTest" time="15.161" classname="Practice.post_deleteRequest"/>
</testsuite> <!-- Practice.post_deleteRequest -->
