<?xml version="1.0" encoding="UTF-8"?>
<!-- Generated by org.testng.reporters.JUnitReportReporter -->
<testsuite hostname="user-PC" name="Library_API.Library_POST_API" tests="3" failures="0" timestamp="25 Feb 2020 16:37:17 GMT" time="6.441" errors="0">
  <testcase name="lib_GetTest" time="0.634" classname="Library_API.Library_POST_API"/>
  <testcase name="lib_PostTest" time="5.590" classname="Library_API.Library_POST_API"/>
  <testcase name="lib_DeleteTest" time="0.217" classname="Library_API.Library_POST_API"/>
</testsuite> <!-- Library_API.Library_POST_API -->
