<?xml version="1.0" encoding="UTF-8"?>
<!-- Generated by org.testng.reporters.JUnitReportReporter -->
<testsuite hostname="user-PC" name="Practice.postRequest" tests="1" failures="0" timestamp="23 Feb 2020 04:48:33 GMT" time="4.514" errors="0">
  <testcase name="postRequestTest" time="4.514" classname="Practice.postRequest"/>
</testsuite> <!-- Practice.postRequest -->
