<?xml version="1.0" encoding="UTF-8"?>
<!-- Generated by org.testng.reporters.JUnitReportReporter -->
<testsuite hostname="user-PC" name="Practice.basic" tests="1" failures="0" timestamp="21 Feb 2020 10:04:59 GMT" time="13.216" errors="0">
  <testcase name="createEmployee" time="13.216" classname="Practice.basic"/>
</testsuite> <!-- Practice.basic -->
